[feathersfromtheuniverse.convertri.com/mag-qz-fftu-2-spl8a0e.html]
[backblue.gif]
[fade.gif]
[index.html]
[feathersfromtheuniverse.convertri.com/mag-qz-fftu-2-spl.html]
[cdn.convertri.com/font-awesome/font-awesome3e6e.woff2]
[convertri.imgix.net/d89a27e6-a5cc-11e9-99fe-0697e5ca793e/e70df4f4de42f143274bc43f7562964bd70a4582/TULTM convertri favicona3c5.png]
[convertri.imgix.net/d89a27e6-a5cc-11e9-99fe-0697e5ca793e/e70df4f4de42f143274bc43f7562964bd70a4582/TULTM convertri favicon028c.png]
[convertri.imgix.net/d89a27e6-a5cc-11e9-99fe-0697e5ca793e/e70df4f4de42f143274bc43f7562964bd70a4582/TULTM convertri favicon50d5.png]
[convertri.imgix.net/d89a27e6-a5cc-11e9-99fe-0697e5ca793e/e70df4f4de42f143274bc43f7562964bd70a4582/TULTM convertri faviconcb1d.png]
[convertri.imgix.net/d89a27e6-a5cc-11e9-99fe-0697e5ca793e/e70df4f4de42f143274bc43f7562964bd70a4582/TULTM convertri favicon4d75.png]
[convertri.imgix.net/d89a27e6-a5cc-11e9-99fe-0697e5ca793e/e70df4f4de42f143274bc43f7562964bd70a4582/TULTM convertri favicon98b3.png]
[convertri.imgix.net/d89a27e6-a5cc-11e9-99fe-0697e5ca793e/e70df4f4de42f143274bc43f7562964bd70a4582/TULTM convertri faviconc605.png]
[convertri.imgix.net/d89a27e6-a5cc-11e9-99fe-0697e5ca793e/e70df4f4de42f143274bc43f7562964bd70a4582/TULTM convertri favicon2206.png]
[convertri.imgix.net/d89a27e6-a5cc-11e9-99fe-0697e5ca793e/e70df4f4de42f143274bc43f7562964bd70a4582/TULTM convertri favicon5c51.png]
[convertri.imgix.net/d89a27e6-a5cc-11e9-99fe-0697e5ca793e/e70df4f4de42f143274bc43f7562964bd70a4582/TULTM convertri favicon8bfe.png]
[convertri.imgix.net/d89a27e6-a5cc-11e9-99fe-0697e5ca793e/e70df4f4de42f143274bc43f7562964bd70a4582/TULTM convertri favicona18c.png]
[convertri.imgix.net/d89a27e6-a5cc-11e9-99fe-0697e5ca793e/e70df4f4de42f143274bc43f7562964bd70a4582/TULTM convertri favicon3973.png]
[convertri.imgix.net/d89a27e6-a5cc-11e9-99fe-0697e5ca793e/e70df4f4de42f143274bc43f7562964bd70a4582/TULTM convertri favicon381a.png]
[convertri.imgix.net/d89a27e6-a5cc-11e9-99fe-0697e5ca793e/e70df4f4de42f143274bc43f7562964bd70a4582/TULTM convertri favicon1ca6.png]
[convertri.imgix.net/d89a27e6-a5cc-11e9-99fe-0697e5ca793e/e70df4f4de42f143274bc43f7562964bd70a4582/TULTM convertri favicona88e.png]
[convertri.imgix.net/d89a27e6-a5cc-11e9-99fe-0697e5ca793e/e70df4f4de42f143274bc43f7562964bd70a4582/TULTM convertri favicon771d.png]
[convertri.imgix.net/d89a27e6-a5cc-11e9-99fe-0697e5ca793e/e70df4f4de42f143274bc43f7562964bd70a4582/TULTM convertri faviconc25d.png]
[convertri.imgix.net/d89a27e6-a5cc-11e9-99fe-0697e5ca793e/e70df4f4de42f143274bc43f7562964bd70a4582/TULTM convertri favicon456b.png]
[convertri.imgix.net/d89a27e6-a5cc-11e9-99fe-0697e5ca793e/e70df4f4de42f143274bc43f7562964bd70a4582/TULTM convertri favicon6299.png]
[convertri.imgix.net/d89a27e6-a5cc-11e9-99fe-0697e5ca793e/e70df4f4de42f143274bc43f7562964bd70a4582/TULTM convertri favicon07c4.png]
[convertri.imgix.net/d89a27e6-a5cc-11e9-99fe-0697e5ca793e/e70df4f4de42f143274bc43f7562964bd70a4582/TULTM convertri favicon272e.png]
[convertri.imgix.net/d89a27e6-a5cc-11e9-99fe-0697e5ca793e/4bee1df3b5ea7ddec5e1ce5cf69719d9bb40ed7e/purple sunsetf158.jpg]
[cdn.convertri.com/cdn.mina829.css]
[feathersfromtheuniverse.convertri.com/mag-qz-fftu-2-spl8a0e.html]
[feathersfromtheuniverse.convertri.com/mag-qz-fftu-2-spl.html]
[cdn.convertri.com/jquery-1.12.2.mina829.js]
[cdn.convertri.com/cdn.mina829.css]
