[pest111.nicepage.io/index.html]
[backblue.gif]
[fade.gif]
[index.html]
[static.nicepage.com/shared/assets/jquery-1.9.1.min.js]
[capp.nicepage.com/d41ec0ff5f4c74e024085006944a653fe3db37af/nicepage.js]
[pest111.nicepage.io/nicepage9cb5.css]
[images01.nicepage.io/e87d0f654017ddb364beb1a2/69b8285256bf5f0786252442/img_Mouse.jpg]
[images03.nicepage.io/c461c07a441a5d220e8feb1a/10368f8113805d1ba66c15ce/billionphotos1882993.jpg]
[images03.nicepage.io/c461c07a441a5d220e8feb1a/240338f479fd5def8bae5a4e/billionphotos1883011.jpg]
[images03.nicepage.io/c461c07a441a5d220e8feb1a/9f710de59576552888227ee6/g.jpg]
[images03.nicepage.io/c461c07a441a5d220e8feb1a/e08438069f545e2abce59599/billionphotos1079319min.png]
[images03.nicepage.io/c461c07a441a5d220e8feb1a/840fd2ae5ad55d90a5b3a2b1/frg.jpg]
[images03.nicepage.io/c461c07a441a5d220e8feb1a/c49f32b104715678b098f419/rg.jpg]
[images03.nicepage.io/c461c07a441a5d220e8feb1a/b8f1c321416d508b85584894/billionphotos1882951.jpg]
[pest111.nicepage.io/index.html]
[capp.nicepage.com/d41ec0ff5f4c74e024085006944a653fe3db37af/images/default-logo.png]
[fonts.googleapis.com/csscc57.css]
[fonts.googleapis.com/cssfd82.css]
[pest111.nicepage.io/Page-1.html]
[pest111.nicepage.io/Page-1.html]
[images01.nicepage.io/e87d0f654017ddb364beb1a2/69b8285256bf5f0786252442/img_Mouse.jpg]
[images03.nicepage.io/c461c07a441a5d220e8feb1a/10368f8113805d1ba66c15ce/billionphotos1882993.jpg]
[static.nicepage.com/shared/assets/jquery-1.9.1.min.js]
[pest111.nicepage.io/nicepage9cb5.css]
[images03.nicepage.io/c461c07a441a5d220e8feb1a/240338f479fd5def8bae5a4e/billionphotos1883011.jpg]
[images03.nicepage.io/c461c07a441a5d220e8feb1a/9f710de59576552888227ee6/g.jpg]
[capp.nicepage.com/d41ec0ff5f4c74e024085006944a653fe3db37af/nicepage.js]
[images03.nicepage.io/c461c07a441a5d220e8feb1a/e08438069f545e2abce59599/billionphotos1079319min.png]
[images03.nicepage.io/c461c07a441a5d220e8feb1a/840fd2ae5ad55d90a5b3a2b1/frg.jpg]
[fonts.googleapis.com/csscc57.css]
[capp.nicepage.com/d41ec0ff5f4c74e024085006944a653fe3db37af/images/default-logo.png]
[pest111.nicepage.io/Page-1.html]
